<?xml version="1.0" encoding="UTF-8"?>
<!-- Generated by org.testng.reporters.JUnitReportReporter -->
<testsuite hostname="DESKTOP-8ES4U11" failures="0" tests="1" name="RestAssured.PathandQueryParameters" time="1.665" errors="0" timestamp="2023-07-26T21:44:02 IST" skipped="0">
  <testcase classname="RestAssured.PathandQueryParameters" name="pathandQueryParams" time="1.665"/>
</testsuite> <!-- RestAssured.PathandQueryParameters -->
