<?xml version="1.0" encoding="UTF-8"?>
<!-- Generated by org.testng.reporters.JUnitReportReporter -->
<testsuite hostname="DESKTOP-8ES4U11" failures="0" tests="4" name="RestAssured.HTTPRequest" time="3.827" errors="0" timestamp="2023-07-26T21:34:45 IST" skipped="0">
  <testcase classname="RestAssured.HTTPRequest" name="getUser" time="2.126"/>
  <testcase classname="RestAssured.HTTPRequest" name="createUser" time="0.717"/>
  <testcase classname="RestAssured.HTTPRequest" name="updateUser" time="0.489"/>
  <testcase classname="RestAssured.HTTPRequest" name="deleteUser" time="0.495"/>
</testsuite> <!-- RestAssured.HTTPRequest -->
