<?xml version="1.0" encoding="UTF-8"?>
<!-- Generated by org.testng.reporters.JUnitReportReporter -->
<testsuite hostname="DESKTOP-8ES4U11" failures="0" tests="2" name="RestAssured.HeadersValidation" time="2.011" errors="0" timestamp="2023-07-27T00:12:33 IST" skipped="0">
  <testcase classname="RestAssured.HeadersValidation" name="testheaders" time="1.798"/>
  <testcase classname="RestAssured.HeadersValidation" name="getheaders" time="0.213"/>
</testsuite> <!-- RestAssured.HeadersValidation -->
